Determining if the pthread_create exist failed with the following output:
Change Dir: /home/game/server/hwtrunk/build/CMakeFiles/CMakeTmp

Run Build Command:"/usr/bin/make" "cmTC_77c5f/fast"
/usr/bin/make -f CMakeFiles/cmTC_77c5f.dir/build.make CMakeFiles/cmTC_77c5f.dir/build
make[1]: Entering directory '/home/game/server/hwtrunk/build/CMakeFiles/CMakeTmp'
Building C object CMakeFiles/cmTC_77c5f.dir/CheckSymbolExists.c.o
/usr/bin/cc    -o CMakeFiles/cmTC_77c5f.dir/CheckSymbolExists.c.o   -c /home/game/server/hwtrunk/build/CMakeFiles/CMakeTmp/CheckSymbolExists.c
Linking C executable cmTC_77c5f
/usr/bin/cmake -E cmake_link_script CMakeFiles/cmTC_77c5f.dir/link.txt --verbose=1
/usr/bin/cc      -rdynamic CMakeFiles/cmTC_77c5f.dir/CheckSymbolExists.c.o  -o cmTC_77c5f 
CMakeFiles/cmTC_77c5f.dir/CheckSymbolExists.c.o：在函数‘main’中：
CheckSymbolExists.c:(.text+0x16)：对‘pthread_create’未定义的引用
collect2: error: ld returned 1 exit status
CMakeFiles/cmTC_77c5f.dir/build.make:97: recipe for target 'cmTC_77c5f' failed
make[1]: *** [cmTC_77c5f] Error 1
make[1]: Leaving directory '/home/game/server/hwtrunk/build/CMakeFiles/CMakeTmp'
Makefile:126: recipe for target 'cmTC_77c5f/fast' failed
make: *** [cmTC_77c5f/fast] Error 2

File /home/game/server/hwtrunk/build/CMakeFiles/CMakeTmp/CheckSymbolExists.c:
/* */
#include <pthread.h>

int main(int argc, char** argv)
{
  (void)argv;
#ifndef pthread_create
  return ((int*)(&pthread_create))[argc];
#else
  (void)argc;
  return 0;
#endif
}

Determining if the function pthread_create exists in the pthreads failed with the following output:
Change Dir: /home/game/server/hwtrunk/build/CMakeFiles/CMakeTmp

Run Build Command:"/usr/bin/make" "cmTC_b4ed5/fast"
/usr/bin/make -f CMakeFiles/cmTC_b4ed5.dir/build.make CMakeFiles/cmTC_b4ed5.dir/build
make[1]: Entering directory '/home/game/server/hwtrunk/build/CMakeFiles/CMakeTmp'
Building C object CMakeFiles/cmTC_b4ed5.dir/CheckFunctionExists.c.o
/usr/bin/cc   -DCHECK_FUNCTION_EXISTS=pthread_create   -o CMakeFiles/cmTC_b4ed5.dir/CheckFunctionExists.c.o   -c /usr/share/cmake-3.10/Modules/CheckFunctionExists.c
Linking C executable cmTC_b4ed5
/usr/bin/cmake -E cmake_link_script CMakeFiles/cmTC_b4ed5.dir/link.txt --verbose=1
/usr/bin/cc  -DCHECK_FUNCTION_EXISTS=pthread_create    -rdynamic CMakeFiles/cmTC_b4ed5.dir/CheckFunctionExists.c.o  -o cmTC_b4ed5 -lpthreads 
/usr/bin/ld: 找不到 -lpthreads
collect2: error: ld returned 1 exit status
CMakeFiles/cmTC_b4ed5.dir/build.make:97: recipe for target 'cmTC_b4ed5' failed
make[1]: *** [cmTC_b4ed5] Error 1
make[1]: Leaving directory '/home/game/server/hwtrunk/build/CMakeFiles/CMakeTmp'
Makefile:126: recipe for target 'cmTC_b4ed5/fast' failed
make: *** [cmTC_b4ed5/fast] Error 2


